mode: set
project-app-inventaris-cli-zahra/main.go:7.13,9.2 1 0
project-app-inventaris-cli-zahra/cmd/category.go:6.37,7.17 1 0
project-app-inventaris-cli-zahra/cmd/category.go:8.22,9.27 1 0
project-app-inventaris-cli-zahra/cmd/category.go:10.23,11.28 1 0
project-app-inventaris-cli-zahra/cmd/category.go:12.23,13.28 1 0
project-app-inventaris-cli-zahra/cmd/category.go:14.25,15.30 1 0
project-app-inventaris-cli-zahra/cmd/category.go:16.25,17.30 1 0
project-app-inventaris-cli-zahra/cmd/item.go:6.33,7.17 1 0
project-app-inventaris-cli-zahra/cmd/item.go:8.18,9.23 1 0
project-app-inventaris-cli-zahra/cmd/item.go:10.19,11.24 1 0
project-app-inventaris-cli-zahra/cmd/item.go:12.19,13.24 1 0
project-app-inventaris-cli-zahra/cmd/item.go:14.21,15.26 1 0
project-app-inventaris-cli-zahra/cmd/item.go:16.21,17.26 1 0
project-app-inventaris-cli-zahra/cmd/item.go:18.21,19.26 1 0
project-app-inventaris-cli-zahra/cmd/item.go:20.27,21.32 1 0
project-app-inventaris-cli-zahra/cmd/report.go:6.35,7.17 1 0
project-app-inventaris-cli-zahra/cmd/report.go:8.27,9.37 1 0
project-app-inventaris-cli-zahra/cmd/report.go:10.22,11.30 1 0
project-app-inventaris-cli-zahra/cmd/root.go:9.16,11.42 1 0
project-app-inventaris-cli-zahra/cmd/root.go:11.42,14.3 2 0
project-app-inventaris-cli-zahra/cmd/root.go:17.2,21.14 3 0
project-app-inventaris-cli-zahra/cmd/root.go:22.94,23.23 1 0
project-app-inventaris-cli-zahra/cmd/root.go:25.110,26.19 1 0
project-app-inventaris-cli-zahra/cmd/root.go:28.43,29.21 1 0
project-app-inventaris-cli-zahra/cmd/root.go:31.10,32.13 1 0
project-app-inventaris-cli-zahra/cmd/root.go:34.10,36.13 2 0
project-app-inventaris-cli-zahra/cmd/root.go:41.17,49.2 7 0
project-app-inventaris-cli-zahra/database/db.go:13.21,25.16 9 0
project-app-inventaris-cli-zahra/database/db.go:25.16,27.3 1 0
project-app-inventaris-cli-zahra/database/db.go:29.2,29.34 1 0
project-app-inventaris-cli-zahra/database/db.go:29.34,31.3 1 0
project-app-inventaris-cli-zahra/database/db.go:33.2,34.12 2 0
project-app-inventaris-cli-zahra/database/db.go:37.44,39.15 2 0
project-app-inventaris-cli-zahra/database/db.go:39.15,41.3 1 0
project-app-inventaris-cli-zahra/database/db.go:42.2,42.12 1 0
project-app-inventaris-cli-zahra/repository/category_repository.go:11.52,14.16 3 0
project-app-inventaris-cli-zahra/repository/category_repository.go:14.16,16.3 1 0
project-app-inventaris-cli-zahra/repository/category_repository.go:17.2,20.18 3 0
project-app-inventaris-cli-zahra/repository/category_repository.go:20.18,22.67 2 0
project-app-inventaris-cli-zahra/repository/category_repository.go:22.67,24.4 1 0
project-app-inventaris-cli-zahra/repository/category_repository.go:25.3,25.37 1 0
project-app-inventaris-cli-zahra/repository/category_repository.go:27.2,27.24 1 0
project-app-inventaris-cli-zahra/repository/category_repository.go:31.53,35.2 3 0
project-app-inventaris-cli-zahra/repository/category_repository.go:38.55,44.16 5 0
project-app-inventaris-cli-zahra/repository/category_repository.go:44.16,45.27 1 0
project-app-inventaris-cli-zahra/repository/category_repository.go:45.27,47.4 1 0
project-app-inventaris-cli-zahra/repository/category_repository.go:48.3,48.16 1 0
project-app-inventaris-cli-zahra/repository/category_repository.go:50.2,50.15 1 0
project-app-inventaris-cli-zahra/repository/category_repository.go:54.61,57.16 3 0
project-app-inventaris-cli-zahra/repository/category_repository.go:57.16,59.3 1 0
project-app-inventaris-cli-zahra/repository/category_repository.go:60.2,61.23 2 0
project-app-inventaris-cli-zahra/repository/category_repository.go:61.23,63.3 1 0
project-app-inventaris-cli-zahra/repository/category_repository.go:64.2,64.12 1 0
project-app-inventaris-cli-zahra/repository/category_repository.go:68.35,71.16 3 0
project-app-inventaris-cli-zahra/repository/category_repository.go:71.16,73.3 1 0
project-app-inventaris-cli-zahra/repository/category_repository.go:74.2,75.23 2 0
project-app-inventaris-cli-zahra/repository/category_repository.go:75.23,77.3 1 0
project-app-inventaris-cli-zahra/repository/category_repository.go:78.2,78.12 1 0
project-app-inventaris-cli-zahra/repository/category_repository.go:82.46,86.2 3 0
project-app-inventaris-cli-zahra/repository/item_repository.go:12.43,15.16 3 0
project-app-inventaris-cli-zahra/repository/item_repository.go:15.16,17.3 1 0
project-app-inventaris-cli-zahra/repository/item_repository.go:18.2,21.18 3 0
project-app-inventaris-cli-zahra/repository/item_repository.go:21.18,24.91 3 0
project-app-inventaris-cli-zahra/repository/item_repository.go:24.91,26.4 1 0
project-app-inventaris-cli-zahra/repository/item_repository.go:27.3,28.27 2 0
project-app-inventaris-cli-zahra/repository/item_repository.go:30.2,30.19 1 0
project-app-inventaris-cli-zahra/repository/item_repository.go:34.41,38.2 3 0
project-app-inventaris-cli-zahra/repository/item_repository.go:41.47,47.16 5 0
project-app-inventaris-cli-zahra/repository/item_repository.go:47.16,48.27 1 0
project-app-inventaris-cli-zahra/repository/item_repository.go:48.27,50.4 1 0
project-app-inventaris-cli-zahra/repository/item_repository.go:51.3,51.19 1 0
project-app-inventaris-cli-zahra/repository/item_repository.go:53.2,53.18 1 0
project-app-inventaris-cli-zahra/repository/item_repository.go:57.49,60.16 3 0
project-app-inventaris-cli-zahra/repository/item_repository.go:60.16,62.3 1 0
project-app-inventaris-cli-zahra/repository/item_repository.go:63.2,64.23 2 0
project-app-inventaris-cli-zahra/repository/item_repository.go:64.23,66.3 1 0
project-app-inventaris-cli-zahra/repository/item_repository.go:67.2,67.12 1 0
project-app-inventaris-cli-zahra/repository/item_repository.go:71.31,74.16 3 0
project-app-inventaris-cli-zahra/repository/item_repository.go:74.16,76.3 1 0
project-app-inventaris-cli-zahra/repository/item_repository.go:77.2,78.23 2 0
project-app-inventaris-cli-zahra/repository/item_repository.go:78.23,80.3 1 0
project-app-inventaris-cli-zahra/repository/item_repository.go:81.2,81.12 1 0
project-app-inventaris-cli-zahra/repository/item_repository.go:85.63,95.16 3 0
project-app-inventaris-cli-zahra/repository/item_repository.go:95.16,97.3 1 0
project-app-inventaris-cli-zahra/repository/item_repository.go:98.2,101.18 3 0
project-app-inventaris-cli-zahra/repository/item_repository.go:101.18,109.17 4 0
project-app-inventaris-cli-zahra/repository/item_repository.go:109.17,111.4 1 0
project-app-inventaris-cli-zahra/repository/item_repository.go:112.3,113.30 2 0
project-app-inventaris-cli-zahra/repository/item_repository.go:116.2,116.19 1 0
project-app-inventaris-cli-zahra/repository/item_repository.go:120.42,124.2 3 0
project-app-inventaris-cli-zahra/handler/category_handler.go:14.24,16.16 2 0
project-app-inventaris-cli-zahra/handler/category_handler.go:16.16,19.3 2 0
project-app-inventaris-cli-zahra/handler/category_handler.go:21.2,23.31 3 0
project-app-inventaris-cli-zahra/handler/category_handler.go:23.31,25.3 1 0
project-app-inventaris-cli-zahra/handler/category_handler.go:26.2,26.16 1 0
project-app-inventaris-cli-zahra/handler/category_handler.go:30.23,40.16 7 0
project-app-inventaris-cli-zahra/handler/category_handler.go:40.16,42.3 1 0
project-app-inventaris-cli-zahra/handler/category_handler.go:42.8,44.3 1 0
project-app-inventaris-cli-zahra/handler/category_handler.go:48.26,54.16 5 0
project-app-inventaris-cli-zahra/handler/category_handler.go:54.16,57.3 2 0
project-app-inventaris-cli-zahra/handler/category_handler.go:59.2,60.16 2 0
project-app-inventaris-cli-zahra/handler/category_handler.go:60.16,62.3 1 0
project-app-inventaris-cli-zahra/handler/category_handler.go:62.8,66.3 3 0
project-app-inventaris-cli-zahra/handler/category_handler.go:70.24,76.16 5 0
project-app-inventaris-cli-zahra/handler/category_handler.go:76.16,79.3 2 0
project-app-inventaris-cli-zahra/handler/category_handler.go:81.2,89.16 7 0
project-app-inventaris-cli-zahra/handler/category_handler.go:89.16,91.3 1 0
project-app-inventaris-cli-zahra/handler/category_handler.go:91.8,93.3 1 0
project-app-inventaris-cli-zahra/handler/category_handler.go:97.26,103.16 5 0
project-app-inventaris-cli-zahra/handler/category_handler.go:103.16,106.3 2 0
project-app-inventaris-cli-zahra/handler/category_handler.go:108.2,109.16 2 0
project-app-inventaris-cli-zahra/handler/category_handler.go:109.16,111.3 1 0
project-app-inventaris-cli-zahra/handler/category_handler.go:111.8,113.3 1 0
project-app-inventaris-cli-zahra/handler/item_handler.go:15.20,17.16 2 0
project-app-inventaris-cli-zahra/handler/item_handler.go:17.16,20.3 2 0
project-app-inventaris-cli-zahra/handler/item_handler.go:22.2,24.26 3 0
project-app-inventaris-cli-zahra/handler/item_handler.go:24.26,28.3 2 0
project-app-inventaris-cli-zahra/handler/item_handler.go:29.2,29.16 1 0
project-app-inventaris-cli-zahra/handler/item_handler.go:33.19,50.16 13 0
project-app-inventaris-cli-zahra/handler/item_handler.go:50.16,53.3 2 0
project-app-inventaris-cli-zahra/handler/item_handler.go:55.2,56.16 2 0
project-app-inventaris-cli-zahra/handler/item_handler.go:56.16,58.3 1 0
project-app-inventaris-cli-zahra/handler/item_handler.go:58.8,60.3 1 0
project-app-inventaris-cli-zahra/handler/item_handler.go:64.22,69.16 5 0
project-app-inventaris-cli-zahra/handler/item_handler.go:69.16,72.3 2 0
project-app-inventaris-cli-zahra/handler/item_handler.go:74.2,75.16 2 0
project-app-inventaris-cli-zahra/handler/item_handler.go:75.16,77.3 1 0
project-app-inventaris-cli-zahra/handler/item_handler.go:77.8,83.3 5 0
project-app-inventaris-cli-zahra/handler/item_handler.go:87.20,108.16 16 0
project-app-inventaris-cli-zahra/handler/item_handler.go:108.16,111.3 2 0
project-app-inventaris-cli-zahra/handler/item_handler.go:113.2,114.16 2 0
project-app-inventaris-cli-zahra/handler/item_handler.go:114.16,116.3 1 0
project-app-inventaris-cli-zahra/handler/item_handler.go:116.8,118.3 1 0
project-app-inventaris-cli-zahra/handler/item_handler.go:122.22,127.16 5 0
project-app-inventaris-cli-zahra/handler/item_handler.go:127.16,130.3 2 0
project-app-inventaris-cli-zahra/handler/item_handler.go:131.2,132.16 2 0
project-app-inventaris-cli-zahra/handler/item_handler.go:132.16,134.3 1 0
project-app-inventaris-cli-zahra/handler/item_handler.go:134.8,136.3 1 0
project-app-inventaris-cli-zahra/handler/item_handler.go:140.22,146.16 5 0
project-app-inventaris-cli-zahra/handler/item_handler.go:146.16,149.3 2 0
project-app-inventaris-cli-zahra/handler/item_handler.go:151.2,151.21 1 0
project-app-inventaris-cli-zahra/handler/item_handler.go:151.21,154.3 2 0
project-app-inventaris-cli-zahra/handler/item_handler.go:156.2,158.29 3 0
project-app-inventaris-cli-zahra/handler/item_handler.go:158.29,160.3 1 0
project-app-inventaris-cli-zahra/handler/item_handler.go:161.2,161.16 1 0
project-app-inventaris-cli-zahra/handler/report_handler.go:13.28,15.16 2 0
project-app-inventaris-cli-zahra/handler/report_handler.go:15.16,18.3 2 0
project-app-inventaris-cli-zahra/handler/report_handler.go:20.2,20.21 1 0
project-app-inventaris-cli-zahra/handler/report_handler.go:20.21,23.3 2 0
project-app-inventaris-cli-zahra/handler/report_handler.go:25.2,27.29 3 0
project-app-inventaris-cli-zahra/handler/report_handler.go:27.29,30.3 2 0
project-app-inventaris-cli-zahra/handler/report_handler.go:31.2,31.16 1 0
project-app-inventaris-cli-zahra/handler/report_handler.go:35.33,37.16 2 0
project-app-inventaris-cli-zahra/handler/report_handler.go:37.16,40.3 2 0
project-app-inventaris-cli-zahra/handler/report_handler.go:41.2,41.73 1 0
project-app-inventaris-cli-zahra/handler/report_handler.go:45.26,51.16 5 0
project-app-inventaris-cli-zahra/handler/report_handler.go:51.16,54.3 2 0
project-app-inventaris-cli-zahra/handler/report_handler.go:56.2,57.16 2 0
project-app-inventaris-cli-zahra/handler/report_handler.go:57.16,60.3 2 0
project-app-inventaris-cli-zahra/handler/report_handler.go:61.2,62.63 2 0
project-app-inventaris-cli-zahra/utils/report.go:11.75,16.2 4 0
project-app-inventaris-cli-zahra/services/category_service.go:11.50,13.2 1 0
project-app-inventaris-cli-zahra/services/category_service.go:16.50,17.35 1 0
project-app-inventaris-cli-zahra/services/category_service.go:17.35,19.3 1 0
project-app-inventaris-cli-zahra/services/category_service.go:20.2,24.37 2 0
project-app-inventaris-cli-zahra/services/category_service.go:28.57,30.2 1 0
project-app-inventaris-cli-zahra/services/category_service.go:33.59,34.35 1 0
project-app-inventaris-cli-zahra/services/category_service.go:34.35,36.3 1 0
project-app-inventaris-cli-zahra/services/category_service.go:37.2,41.41 2 0
project-app-inventaris-cli-zahra/services/category_service.go:45.35,47.2 1 0
project-app-inventaris-cli-zahra/services/item_service.go:12.41,14.2 1 0
project-app-inventaris-cli-zahra/services/item_service.go:17.88,18.35 1 0
project-app-inventaris-cli-zahra/services/item_service.go:18.35,20.3 1 0
project-app-inventaris-cli-zahra/services/item_service.go:21.2,27.36 2 0
project-app-inventaris-cli-zahra/services/item_service.go:31.49,33.2 1 0
project-app-inventaris-cli-zahra/services/item_service.go:36.97,37.35 1 0
project-app-inventaris-cli-zahra/services/item_service.go:37.35,39.3 1 0
project-app-inventaris-cli-zahra/services/item_service.go:40.2,46.40 2 0
project-app-inventaris-cli-zahra/services/item_service.go:50.31,52.2 1 0
project-app-inventaris-cli-zahra/services/item_service.go:55.63,57.16 2 0
project-app-inventaris-cli-zahra/services/item_service.go:57.16,59.3 1 0
project-app-inventaris-cli-zahra/services/item_service.go:61.2,62.29 2 0
project-app-inventaris-cli-zahra/services/item_service.go:62.29,63.77 1 0
project-app-inventaris-cli-zahra/services/item_service.go:63.77,65.4 1 0
project-app-inventaris-cli-zahra/services/item_service.go:67.2,67.20 1 0
project-app-inventaris-cli-zahra/services/report_service.go:10.51,12.16 2 0
project-app-inventaris-cli-zahra/services/report_service.go:12.16,14.3 1 0
project-app-inventaris-cli-zahra/services/report_service.go:16.2,17.32 2 0
project-app-inventaris-cli-zahra/services/report_service.go:17.32,19.17 2 0
project-app-inventaris-cli-zahra/services/report_service.go:19.17,21.4 1 0
project-app-inventaris-cli-zahra/services/report_service.go:23.2,23.20 1 0
project-app-inventaris-cli-zahra/services/report_service.go:26.49,28.16 2 0
project-app-inventaris-cli-zahra/services/report_service.go:28.16,30.3 1 0
project-app-inventaris-cli-zahra/services/report_service.go:31.2,32.32 2 0
project-app-inventaris-cli-zahra/services/report_service.go:32.32,35.3 2 0
project-app-inventaris-cli-zahra/services/report_service.go:36.2,36.19 1 0
project-app-inventaris-cli-zahra/services/report_service.go:39.67,41.16 2 0
project-app-inventaris-cli-zahra/services/report_service.go:41.16,43.3 1 0
project-app-inventaris-cli-zahra/services/report_service.go:44.2,45.37 2 0
